#-----------------------------------------------------------
# Webtalk v2015.3 (64-bit)
# SW Build 1368829 on Mon Sep 28 20:06:43 MDT 2015
# 
# Start of session at: Sun Nov 08 14:08:50 2015
# Process ID: 16500
# Current directory: C:/Users/Anthony/Documents/ece574_project2/workspace/webtalk
# Command line: wbtcv.exe -mode batch -source sdk_webtalk.tcl
# Log file: C:/Users/Anthony/Documents/ece574_project2/workspace/webtalk/webtalk.log
# Journal file: C:/Users/Anthony/Documents/ece574_project2/workspace/webtalk\webtalk.jou
#-----------------------------------------------------------
source sdk_webtalk.tcl
# webtalk_init -webtalk_dir C:\\Users\\Anthony\\Documents\\ece574_project2\\workspace\\webtalk
# webtalk_register_client -client project
# webtalk_add_data -client project -key date_generated -value "Sun Nov 8 14:08:50 2015" -context "software_version_and_target_device"
# webtalk_add_data -client project -key product_version -value "SDK v2015.3" -context "software_version_and_target_device"
# webtalk_add_data -client project -key build_version -value "2015.3" -context "software_version_and_target_device"
# webtalk_add_data -client project -key os_platform -value "amd64" -context "software_version_and_target_device"
# webtalk_add_data -client project -key registration_id -value "" -context "software_version_and_target_device"
# webtalk_add_data -client project -key tool_flow -value "SDK" -context "software_version_and_target_device"
# webtalk_add_data -client project -key beta -value "false" -context "software_version_and_target_device"
# webtalk_add_data -client project -key route_design -value "NA" -context "software_version_and_target_device"
# webtalk_add_data -client project -key target_family -value "NA" -context "software_version_and_target_device"
# webtalk_add_data -client project -key target_device -value "NA" -context "software_version_and_target_device"
# webtalk_add_data -client project -key target_package -value "NA" -context "software_version_and_target_device"
# webtalk_add_data -client project -key target_speed -value "NA" -context "software_version_and_target_device"
# webtalk_add_data -client project -key random_id -value "u7u40l8p6uk53bsplu2procham" -context "software_version_and_target_device"
# webtalk_add_data -client project -key project_id -value "2015.3_1" -context "software_version_and_target_device"
# webtalk_add_data -client project -key project_iteration -value "1" -context "software_version_and_target_device"
# webtalk_add_data -client project -key os_name -value "" -context "user_environment"
# webtalk_add_data -client project -key os_release -value "" -context "user_environment"
# webtalk_add_data -client project -key cpu_name -value "" -context "user_environment"
# webtalk_add_data -client project -key cpu_speed -value "" -context "user_environment"
# webtalk_add_data -client project -key total_processors -value "" -context "user_environment"
# webtalk_add_data -client project -key system_ram -value "" -context "user_environment"
# webtalk_register_client -client sdk
# webtalk_add_data -client sdk -key uid -value "1446945280067" -context "sdk\\\\hardware/1446945280067"
# webtalk_add_data -client sdk -key isZynq -value "false" -context "sdk\\\\hardware/1446945280067"
# webtalk_add_data -client sdk -key Processors -value "1" -context "sdk\\\\hardware/1446945280067"
# webtalk_add_data -client sdk -key VivadoVersion -value "2015.1" -context "sdk\\\\hardware/1446945280067"
# webtalk_add_data -client sdk -key Arch -value "artix7" -context "sdk\\\\hardware/1446945280067"
# webtalk_add_data -client sdk -key Device -value "xc7a100t" -context "sdk\\\\hardware/1446945280067"
# webtalk_add_data -client sdk -key IsHandoff -value "false" -context "sdk\\\\hardware/1446945280067"
# webtalk_add_data -client sdk -key uid -value "1446945306811" -context "sdk\\\\bsp/1446945306811"
# webtalk_add_data -client sdk -key hwid -value "1446945280067" -context "sdk\\\\bsp/1446945306811"
# webtalk_add_data -client sdk -key os -value "standalone" -context "sdk\\\\bsp/1446945306811"
# webtalk_add_data -client sdk -key apptemplate -value "null" -context "sdk\\\\bsp/1446945306811"
# webtalk_add_data -client sdk -key uid -value "1446945424726" -context "sdk\\\\bsp/1446945424726"
# webtalk_add_data -client sdk -key hwid -value "1446945280067" -context "sdk\\\\bsp/1446945424726"
# webtalk_add_data -client sdk -key os -value "standalone" -context "sdk\\\\bsp/1446945424726"
# webtalk_add_data -client sdk -key apptemplate -value "hello_world" -context "sdk\\\\bsp/1446945424726"
# webtalk_add_data -client sdk -key uid -value "1446945425889" -context "sdk\\\\application/1446945425889"
# webtalk_add_data -client sdk -key hwid -value "1446945280067" -context "sdk\\\\application/1446945425889"
# webtalk_add_data -client sdk -key bspid -value "1446945424726" -context "sdk\\\\application/1446945425889"
# webtalk_add_data -client sdk -key newbsp -value "true" -context "sdk\\\\application/1446945425889"
# webtalk_add_data -client sdk -key os -value "standalone" -context "sdk\\\\application/1446945425889"
# webtalk_add_data -client sdk -key apptemplate -value "hello_world" -context "sdk\\\\application/1446945425889"
# webtalk_add_data -client sdk -key uid -value "1446947157009" -context "sdk\\\\hardware/1446947157009"
# webtalk_add_data -client sdk -key isZynq -value "false" -context "sdk\\\\hardware/1446947157009"
# webtalk_add_data -client sdk -key Processors -value "1" -context "sdk\\\\hardware/1446947157009"
# webtalk_add_data -client sdk -key VivadoVersion -value "2015.1" -context "sdk\\\\hardware/1446947157009"
# webtalk_add_data -client sdk -key Arch -value "artix7" -context "sdk\\\\hardware/1446947157009"
# webtalk_add_data -client sdk -key Device -value "xc7a100t" -context "sdk\\\\hardware/1446947157009"
# webtalk_add_data -client sdk -key IsHandoff -value "false" -context "sdk\\\\hardware/1446947157009"
# webtalk_add_data -client sdk -key uid -value "1446947165382" -context "sdk\\\\bsp/1446947165382"
# webtalk_add_data -client sdk -key hwid -value "1446947157009" -context "sdk\\\\bsp/1446947165382"
# webtalk_add_data -client sdk -key os -value "standalone" -context "sdk\\\\bsp/1446947165382"
# webtalk_add_data -client sdk -key apptemplate -value "null" -context "sdk\\\\bsp/1446947165382"
# webtalk_add_data -client sdk -key uid -value "1446947185784" -context "sdk\\\\bsp/1446947185784"
# webtalk_add_data -client sdk -key hwid -value "1446947157009" -context "sdk\\\\bsp/1446947185784"
# webtalk_add_data -client sdk -key os -value "standalone" -context "sdk\\\\bsp/1446947185784"
# webtalk_add_data -client sdk -key apptemplate -value "hello_world" -context "sdk\\\\bsp/1446947185784"
# webtalk_add_data -client sdk -key uid -value "1446947186948" -context "sdk\\\\application/1446947186948"
# webtalk_add_data -client sdk -key hwid -value "1446947157009" -context "sdk\\\\application/1446947186948"
# webtalk_add_data -client sdk -key bspid -value "1446947185784" -context "sdk\\\\application/1446947186948"
# webtalk_add_data -client sdk -key newbsp -value "true" -context "sdk\\\\application/1446947186948"
# webtalk_add_data -client sdk -key os -value "standalone" -context "sdk\\\\application/1446947186948"
# webtalk_add_data -client sdk -key apptemplate -value "hello_world" -context "sdk\\\\application/1446947186948"
# webtalk_add_data -client sdk -key uid -value "1446955758783" -context "sdk\\\\hardware/1446955758783"
# webtalk_add_data -client sdk -key isZynq -value "false" -context "sdk\\\\hardware/1446955758783"
# webtalk_add_data -client sdk -key Processors -value "1" -context "sdk\\\\hardware/1446955758783"
# webtalk_add_data -client sdk -key VivadoVersion -value "2015.1" -context "sdk\\\\hardware/1446955758783"
# webtalk_add_data -client sdk -key Arch -value "artix7" -context "sdk\\\\hardware/1446955758783"
# webtalk_add_data -client sdk -key Device -value "xc7a100t" -context "sdk\\\\hardware/1446955758783"
# webtalk_add_data -client sdk -key IsHandoff -value "false" -context "sdk\\\\hardware/1446955758783"
# webtalk_add_data -client sdk -key uid -value "1446955771315" -context "sdk\\\\bsp/1446955771315"
# webtalk_add_data -client sdk -key hwid -value "1446955758783" -context "sdk\\\\bsp/1446955771315"
# webtalk_add_data -client sdk -key os -value "standalone" -context "sdk\\\\bsp/1446955771315"
# webtalk_add_data -client sdk -key apptemplate -value "null" -context "sdk\\\\bsp/1446955771315"
# webtalk_add_data -client sdk -key uid -value "1446955794758" -context "sdk\\\\bsp/1446955794758"
# webtalk_add_data -client sdk -key hwid -value "1446955758783" -context "sdk\\\\bsp/1446955794758"
# webtalk_add_data -client sdk -key os -value "standalone" -context "sdk\\\\bsp/1446955794758"
# webtalk_add_data -client sdk -key apptemplate -value "hello_world" -context "sdk\\\\bsp/1446955794758"
# webtalk_add_data -client sdk -key uid -value "1446955795976" -context "sdk\\\\application/1446955795976"
# webtalk_add_data -client sdk -key hwid -value "1446955758783" -context "sdk\\\\application/1446955795976"
# webtalk_add_data -client sdk -key bspid -value "1446955794758" -context "sdk\\\\application/1446955795976"
# webtalk_add_data -client sdk -key newbsp -value "true" -context "sdk\\\\application/1446955795976"
# webtalk_add_data -client sdk -key os -value "standalone" -context "sdk\\\\application/1446955795976"
# webtalk_add_data -client sdk -key apptemplate -value "hello_world" -context "sdk\\\\application/1446955795976"
# webtalk_transmit -clientid 1035156646 -regid "" -xml C:\\Users\\Anthony\\Documents\\ece574_project2\\workspace\\webtalk\\usage_statistics_ext_sdk.xml -html C:\\Users\\Anthony\\Documents\\ece574_project2\\workspace\\webtalk\\usage_statistics_ext_sdk.html -wdm C:\\Users\\Anthony\\Documents\\ece574_project2\\workspace\\webtalk\\sdk_webtalk.wdm -intro "<H3>SDK Usage Report</H3><BR>"
# webtalk_terminate
INFO: [Common 17-206] Exiting Webtalk at Sun Nov 08 14:08:54 2015...
